2025-07-28 11:02:52,700 WARNING database DDL Query made to DB:
ALTER TABLE `tabPurchase Invoice` MODIFY `taxes_and_charges_deducted` decimal(21,9) not null default 0, MODIFY `total_advance` decimal(21,9) not null default 0, MODIFY `plc_conversion_rate` decimal(21,9) not null default 0, MODIFY `base_taxes_and_charges_deducted` decimal(21,9) not null default 0, MODIFY `base_taxes_and_charges_added` decimal(21,9) not null default 0, MODIFY `base_grand_total` decimal(21,9) not null default 0, MODIFY `write_off_amount` decimal(21,9) not null default 0, MODIFY `per_received` decimal(21,9) not null default 0, MODIFY `rounded_total` decimal(21,9) not null default 0, MODIFY `base_rounding_adjustment` decimal(21,9) not null default 0, MODIFY `base_discount_amount` decimal(21,9) not null default 0, MODIFY `total_net_weight` decimal(21,9) not null default 0, MODIFY `rounding_adjustment` decimal(21,9) not null default 0, MODIFY `discount_amount` decimal(21,9) not null default 0, MODIFY `total` decimal(21,9) not null default 0, MODIFY `outstanding_amount` decimal(21,9) not null default 0, MODIFY `additional_discount_percentage` decimal(21,9) not null default 0, MODIFY `conversion_rate` decimal(21,9) not null default 0, MODIFY `net_total` decimal(21,9) not null default 0, MODIFY `total_qty` decimal(21,9) not null default 0, MODIFY `base_rounded_total` decimal(21,9) not null default 0, MODIFY `base_total` decimal(21,9) not null default 0, MODIFY `base_tax_withholding_net_total` decimal(21,9) not null default 0, MODIFY `base_paid_amount` decimal(21,9) not null default 0, MODIFY `base_write_off_amount` decimal(21,9) not null default 0, MODIFY `total_taxes_and_charges` decimal(21,9) not null default 0, MODIFY `paid_amount` decimal(21,9) not null default 0, MODIFY `base_net_total` decimal(21,9) not null default 0, MODIFY `base_total_taxes_and_charges` decimal(21,9) not null default 0, MODIFY `taxes_and_charges_added` decimal(21,9) not null default 0, MODIFY `grand_total` decimal(21,9) not null default 0
2025-07-28 11:02:52,913 WARNING database DDL Query made to DB:
ALTER TABLE `tabPOS Invoice` MODIFY `rounded_total` decimal(21,9) not null default 0, MODIFY `base_paid_amount` decimal(21,9) not null default 0, MODIFY `plc_conversion_rate` decimal(21,9) not null default 0, MODIFY `base_total_taxes_and_charges` decimal(21,9) not null default 0, MODIFY `total_taxes_and_charges` decimal(21,9) not null default 0, MODIFY `total_commission` decimal(21,9) not null default 0, MODIFY `total_net_weight` decimal(21,9) not null default 0, MODIFY `additional_discount_percentage` decimal(21,9) not null default 0, MODIFY `base_rounded_total` decimal(21,9) not null default 0, MODIFY `total` decimal(21,9) not null default 0, MODIFY `discount_amount` decimal(21,9) not null default 0, MODIFY `net_total` decimal(21,9) not null default 0, MODIFY `conversion_rate` decimal(21,9) not null default 0, MODIFY `commission_rate` decimal(21,9) not null default 0, MODIFY `total_qty` decimal(21,9) not null default 0, MODIFY `base_net_total` decimal(21,9) not null default 0, MODIFY `base_total` decimal(21,9) not null default 0, MODIFY `base_grand_total` decimal(21,9) not null default 0, MODIFY `base_change_amount` decimal(21,9) not null default 0, MODIFY `loyalty_amount` decimal(21,9) not null default 0, MODIFY `paid_amount` decimal(21,9) not null default 0, MODIFY `change_amount` decimal(21,9) not null default 0, MODIFY `amount_eligible_for_commission` decimal(21,9) not null default 0, MODIFY `outstanding_amount` decimal(21,9) not null default 0, MODIFY `write_off_amount` decimal(21,9) not null default 0, MODIFY `base_write_off_amount` decimal(21,9) not null default 0, MODIFY `base_discount_amount` decimal(21,9) not null default 0, MODIFY `total_advance` decimal(21,9) not null default 0, MODIFY `base_rounding_adjustment` decimal(21,9) not null default 0, MODIFY `rounding_adjustment` decimal(21,9) not null default 0, MODIFY `grand_total` decimal(21,9) not null default 0
2025-07-28 11:02:53,111 WARNING database DDL Query made to DB:
ALTER TABLE `tabPOS Invoice` ADD COLUMN `etr_invoice_number` varchar(140)
2025-07-28 11:02:53,119 WARNING database DDL Query made to DB:
ALTER TABLE `tabPOS Invoice` MODIFY `base_total_taxes_and_charges` decimal(21,9) not null default 0, MODIFY `base_grand_total` decimal(21,9) not null default 0, MODIFY `total_advance` decimal(21,9) not null default 0, MODIFY `base_paid_amount` decimal(21,9) not null default 0, MODIFY `total_qty` decimal(21,9) not null default 0, MODIFY `base_rounding_adjustment` decimal(21,9) not null default 0, MODIFY `conversion_rate` decimal(21,9) not null default 0, MODIFY `paid_amount` decimal(21,9) not null default 0, MODIFY `total_commission` decimal(21,9) not null default 0, MODIFY `base_change_amount` decimal(21,9) not null default 0, MODIFY `total_taxes_and_charges` decimal(21,9) not null default 0, MODIFY `base_rounded_total` decimal(21,9) not null default 0, MODIFY `total` decimal(21,9) not null default 0, MODIFY `outstanding_amount` decimal(21,9) not null default 0, MODIFY `net_total` decimal(21,9) not null default 0, MODIFY `grand_total` decimal(21,9) not null default 0, MODIFY `commission_rate` decimal(21,9) not null default 0, MODIFY `rounding_adjustment` decimal(21,9) not null default 0, MODIFY `base_net_total` decimal(21,9) not null default 0, MODIFY `base_write_off_amount` decimal(21,9) not null default 0, MODIFY `rounded_total` decimal(21,9) not null default 0, MODIFY `write_off_amount` decimal(21,9) not null default 0, MODIFY `base_total` decimal(21,9) not null default 0, MODIFY `total_net_weight` decimal(21,9) not null default 0, MODIFY `base_discount_amount` decimal(21,9) not null default 0, MODIFY `change_amount` decimal(21,9) not null default 0, MODIFY `plc_conversion_rate` decimal(21,9) not null default 0, MODIFY `additional_discount_percentage` decimal(21,9) not null default 0, MODIFY `discount_amount` decimal(21,9) not null default 0, MODIFY `amount_eligible_for_commission` decimal(21,9) not null default 0, MODIFY `loyalty_amount` decimal(21,9) not null default 0
2025-07-28 11:02:53,315 WARNING database DDL Query made to DB:
ALTER TABLE `tabPOS Invoice` ADD COLUMN `cu_date` date
2025-07-28 11:02:53,323 WARNING database DDL Query made to DB:
ALTER TABLE `tabPOS Invoice` MODIFY `base_rounding_adjustment` decimal(21,9) not null default 0, MODIFY `total_taxes_and_charges` decimal(21,9) not null default 0, MODIFY `rounding_adjustment` decimal(21,9) not null default 0, MODIFY `base_paid_amount` decimal(21,9) not null default 0, MODIFY `paid_amount` decimal(21,9) not null default 0, MODIFY `rounded_total` decimal(21,9) not null default 0, MODIFY `base_total` decimal(21,9) not null default 0, MODIFY `base_net_total` decimal(21,9) not null default 0, MODIFY `loyalty_amount` decimal(21,9) not null default 0, MODIFY `net_total` decimal(21,9) not null default 0, MODIFY `base_discount_amount` decimal(21,9) not null default 0, MODIFY `base_rounded_total` decimal(21,9) not null default 0, MODIFY `base_write_off_amount` decimal(21,9) not null default 0, MODIFY `outstanding_amount` decimal(21,9) not null default 0, MODIFY `base_change_amount` decimal(21,9) not null default 0, MODIFY `additional_discount_percentage` decimal(21,9) not null default 0, MODIFY `total_qty` decimal(21,9) not null default 0, MODIFY `conversion_rate` decimal(21,9) not null default 0, MODIFY `total` decimal(21,9) not null default 0, MODIFY `discount_amount` decimal(21,9) not null default 0, MODIFY `total_advance` decimal(21,9) not null default 0, MODIFY `write_off_amount` decimal(21,9) not null default 0, MODIFY `plc_conversion_rate` decimal(21,9) not null default 0, MODIFY `total_net_weight` decimal(21,9) not null default 0, MODIFY `base_grand_total` decimal(21,9) not null default 0, MODIFY `commission_rate` decimal(21,9) not null default 0, MODIFY `total_commission` decimal(21,9) not null default 0, MODIFY `change_amount` decimal(21,9) not null default 0, MODIFY `base_total_taxes_and_charges` decimal(21,9) not null default 0, MODIFY `grand_total` decimal(21,9) not null default 0, MODIFY `amount_eligible_for_commission` decimal(21,9) not null default 0
2025-07-28 11:02:53,523 WARNING database DDL Query made to DB:
ALTER TABLE `tabPOS Invoice` MODIFY `base_rounded_total` decimal(21,9) not null default 0, MODIFY `base_net_total` decimal(21,9) not null default 0, MODIFY `grand_total` decimal(21,9) not null default 0, MODIFY `total` decimal(21,9) not null default 0, MODIFY `amount_eligible_for_commission` decimal(21,9) not null default 0, MODIFY `commission_rate` decimal(21,9) not null default 0, MODIFY `base_total_taxes_and_charges` decimal(21,9) not null default 0, MODIFY `base_paid_amount` decimal(21,9) not null default 0, MODIFY `base_write_off_amount` decimal(21,9) not null default 0, MODIFY `loyalty_amount` decimal(21,9) not null default 0, MODIFY `net_total` decimal(21,9) not null default 0, MODIFY `total_qty` decimal(21,9) not null default 0, MODIFY `write_off_amount` decimal(21,9) not null default 0, MODIFY `base_discount_amount` decimal(21,9) not null default 0, MODIFY `total_commission` decimal(21,9) not null default 0, MODIFY `rounding_adjustment` decimal(21,9) not null default 0, MODIFY `additional_discount_percentage` decimal(21,9) not null default 0, MODIFY `change_amount` decimal(21,9) not null default 0, MODIFY `paid_amount` decimal(21,9) not null default 0, MODIFY `discount_amount` decimal(21,9) not null default 0, MODIFY `conversion_rate` decimal(21,9) not null default 0, MODIFY `total_taxes_and_charges` decimal(21,9) not null default 0, MODIFY `plc_conversion_rate` decimal(21,9) not null default 0, MODIFY `total_net_weight` decimal(21,9) not null default 0, MODIFY `base_grand_total` decimal(21,9) not null default 0, MODIFY `rounded_total` decimal(21,9) not null default 0, MODIFY `base_rounding_adjustment` decimal(21,9) not null default 0, MODIFY `base_change_amount` decimal(21,9) not null default 0, MODIFY `base_total` decimal(21,9) not null default 0, MODIFY `total_advance` decimal(21,9) not null default 0, MODIFY `outstanding_amount` decimal(21,9) not null default 0
2025-07-28 11:02:53,714 WARNING database DDL Query made to DB:
ALTER TABLE `tabPOS Invoice` ADD COLUMN `etr_serial_number` varchar(140)
2025-07-28 11:02:53,723 WARNING database DDL Query made to DB:
ALTER TABLE `tabPOS Invoice` MODIFY `base_net_total` decimal(21,9) not null default 0, MODIFY `conversion_rate` decimal(21,9) not null default 0, MODIFY `base_grand_total` decimal(21,9) not null default 0, MODIFY `paid_amount` decimal(21,9) not null default 0, MODIFY `total` decimal(21,9) not null default 0, MODIFY `loyalty_amount` decimal(21,9) not null default 0, MODIFY `write_off_amount` decimal(21,9) not null default 0, MODIFY `base_write_off_amount` decimal(21,9) not null default 0, MODIFY `rounding_adjustment` decimal(21,9) not null default 0, MODIFY `commission_rate` decimal(21,9) not null default 0, MODIFY `total_taxes_and_charges` decimal(21,9) not null default 0, MODIFY `base_rounding_adjustment` decimal(21,9) not null default 0, MODIFY `net_total` decimal(21,9) not null default 0, MODIFY `total_net_weight` decimal(21,9) not null default 0, MODIFY `base_total_taxes_and_charges` decimal(21,9) not null default 0, MODIFY `base_discount_amount` decimal(21,9) not null default 0, MODIFY `amount_eligible_for_commission` decimal(21,9) not null default 0, MODIFY `total_qty` decimal(21,9) not null default 0, MODIFY `base_rounded_total` decimal(21,9) not null default 0, MODIFY `plc_conversion_rate` decimal(21,9) not null default 0, MODIFY `rounded_total` decimal(21,9) not null default 0, MODIFY `additional_discount_percentage` decimal(21,9) not null default 0, MODIFY `base_paid_amount` decimal(21,9) not null default 0, MODIFY `base_change_amount` decimal(21,9) not null default 0, MODIFY `change_amount` decimal(21,9) not null default 0, MODIFY `total_commission` decimal(21,9) not null default 0, MODIFY `outstanding_amount` decimal(21,9) not null default 0, MODIFY `base_total` decimal(21,9) not null default 0, MODIFY `grand_total` decimal(21,9) not null default 0, MODIFY `total_advance` decimal(21,9) not null default 0, MODIFY `discount_amount` decimal(21,9) not null default 0
2025-07-28 11:02:53,931 WARNING database DDL Query made to DB:
ALTER TABLE `tabPOS Invoice` ADD COLUMN `cu_link` varchar(140)
2025-07-28 11:02:53,942 WARNING database DDL Query made to DB:
ALTER TABLE `tabPOS Invoice` MODIFY `total_taxes_and_charges` decimal(21,9) not null default 0, MODIFY `base_discount_amount` decimal(21,9) not null default 0, MODIFY `total` decimal(21,9) not null default 0, MODIFY `change_amount` decimal(21,9) not null default 0, MODIFY `additional_discount_percentage` decimal(21,9) not null default 0, MODIFY `net_total` decimal(21,9) not null default 0, MODIFY `total_advance` decimal(21,9) not null default 0, MODIFY `loyalty_amount` decimal(21,9) not null default 0, MODIFY `conversion_rate` decimal(21,9) not null default 0, MODIFY `write_off_amount` decimal(21,9) not null default 0, MODIFY `total_net_weight` decimal(21,9) not null default 0, MODIFY `base_rounded_total` decimal(21,9) not null default 0, MODIFY `amount_eligible_for_commission` decimal(21,9) not null default 0, MODIFY `base_paid_amount` decimal(21,9) not null default 0, MODIFY `paid_amount` decimal(21,9) not null default 0, MODIFY `discount_amount` decimal(21,9) not null default 0, MODIFY `base_write_off_amount` decimal(21,9) not null default 0, MODIFY `base_grand_total` decimal(21,9) not null default 0, MODIFY `grand_total` decimal(21,9) not null default 0, MODIFY `total_qty` decimal(21,9) not null default 0, MODIFY `rounding_adjustment` decimal(21,9) not null default 0, MODIFY `total_commission` decimal(21,9) not null default 0, MODIFY `commission_rate` decimal(21,9) not null default 0, MODIFY `base_total_taxes_and_charges` decimal(21,9) not null default 0, MODIFY `base_change_amount` decimal(21,9) not null default 0, MODIFY `rounded_total` decimal(21,9) not null default 0, MODIFY `outstanding_amount` decimal(21,9) not null default 0, MODIFY `base_total` decimal(21,9) not null default 0, MODIFY `base_net_total` decimal(21,9) not null default 0, MODIFY `plc_conversion_rate` decimal(21,9) not null default 0, MODIFY `base_rounding_adjustment` decimal(21,9) not null default 0
2025-07-28 11:02:56,370 WARNING database DDL Query made to DB:
create table `tabPayment Gateway` (
			name varchar(140) primary key,
			creation datetime(6),
			modified datetime(6),
			modified_by varchar(140),
			owner varchar(140),
			docstatus int(1) not null default '0',
			idx int(8) not null default '0',
			`gateway` varchar(140) unique,
`gateway_settings` varchar(140),
`gateway_controller` varchar(140),
`_user_tags` text,
`_comments` text,
`_assign` text,
`_liked_by` text,
index modified(modified))
			ENGINE=InnoDB
			ROW_FORMAT=DYNAMIC
			CHARACTER SET=utf8mb4
			COLLATE=utf8mb4_unicode_ci
2025-07-28 11:02:56,740 WARNING database DDL Query made to DB:
create table `tabMpesa Settings` (
			name varchar(140) primary key,
			creation datetime(6),
			modified datetime(6),
			modified_by varchar(140),
			owner varchar(140),
			docstatus int(1) not null default '0',
			idx int(8) not null default '0',
			`payment_gateway_name` varchar(140) unique,
`consumer_key` varchar(140),
`consumer_secret` text,
`initiator_name` varchar(140),
`till_number` varchar(140),
`transaction_limit` decimal(21,9) not null default 150000.0,
`sandbox` int(1) not null default 0,
`business_shortcode` varchar(140),
`online_passkey` text,
`security_credential` text,
`account_balance` longtext,
`_user_tags` text,
`_comments` text,
`_assign` text,
`_liked_by` text,
index modified(modified))
			ENGINE=InnoDB
			ROW_FORMAT=DYNAMIC
			CHARACTER SET=utf8mb4
			COLLATE=utf8mb4_unicode_ci
2025-07-28 11:02:57,066 WARNING database DDL Query made to DB:
create table `tabBraintree Settings` (
			name varchar(140) primary key,
			creation datetime(6),
			modified datetime(6),
			modified_by varchar(140),
			owner varchar(140),
			docstatus int(1) not null default '0',
			idx int(8) not null default '0',
			`gateway_name` varchar(140),
`merchant_id` varchar(140),
`public_key` varchar(140),
`private_key` text,
`use_sandbox` int(1) not null default 0,
`header_img` text,
`_user_tags` text,
`_comments` text,
`_assign` text,
`_liked_by` text,
index modified(modified))
			ENGINE=InnoDB
			ROW_FORMAT=DYNAMIC
			CHARACTER SET=utf8mb4
			COLLATE=utf8mb4_unicode_ci
2025-07-28 11:02:57,332 WARNING database DDL Query made to DB:
create table `tabGoCardless Mandate` (
			name varchar(140) primary key,
			creation datetime(6),
			modified datetime(6),
			modified_by varchar(140),
			owner varchar(140),
			docstatus int(1) not null default '0',
			idx int(8) not null default '0',
			`disabled` int(1) not null default 0,
`mandate` varchar(140) unique,
`gocardless_customer` varchar(140),
`_user_tags` text,
`_comments` text,
`_assign` text,
`_liked_by` text,
index modified(modified))
			ENGINE=InnoDB
			ROW_FORMAT=DYNAMIC
			CHARACTER SET=utf8mb4
			COLLATE=utf8mb4_unicode_ci
2025-07-28 11:02:57,561 WARNING database DDL Query made to DB:
create table `tabStripe Settings` (
			name varchar(140) primary key,
			creation datetime(6),
			modified datetime(6),
			modified_by varchar(140),
			owner varchar(140),
			docstatus int(1) not null default '0',
			idx int(8) not null default '0',
			`gateway_name` varchar(140),
`publishable_key` varchar(140),
`secret_key` text,
`header_img` text,
`redirect_url` varchar(140),
`_user_tags` text,
`_comments` text,
`_assign` text,
`_liked_by` text,
index modified(modified))
			ENGINE=InnoDB
			ROW_FORMAT=DYNAMIC
			CHARACTER SET=utf8mb4
			COLLATE=utf8mb4_unicode_ci
2025-07-28 11:02:57,700 WARNING database DDL Query made to DB:
create table `tabGoCardless Settings` (
			name varchar(140) primary key,
			creation datetime(6),
			modified datetime(6),
			modified_by varchar(140),
			owner varchar(140),
			docstatus int(1) not null default '0',
			idx int(8) not null default '0',
			`gateway_name` varchar(140) unique,
`access_token` varchar(140),
`webhooks_secret` varchar(140),
`use_sandbox` int(1) not null default 0,
`header_img` text,
`_user_tags` text,
`_comments` text,
`_assign` text,
`_liked_by` text,
index modified(modified))
			ENGINE=InnoDB
			ROW_FORMAT=DYNAMIC
			CHARACTER SET=utf8mb4
			COLLATE=utf8mb4_unicode_ci
2025-07-28 11:02:59,972 WARNING database DDL Query made to DB:
ALTER TABLE `tabWeb Form` ADD COLUMN `currency` varchar(140), ADD COLUMN `amount_field` varchar(140), ADD COLUMN `payment_button_help` text, ADD COLUMN `amount_based_on_field` int(1) not null default 0, ADD COLUMN `amount` decimal(21,9) not null default 0, ADD COLUMN `payment_gateway` varchar(140), ADD COLUMN `payment_button_label` varchar(140) default 'Buy Now', ADD COLUMN `accept_payment` int(1) not null default 0
2025-07-28 11:02:59,980 WARNING database DDL Query made to DB:
ALTER TABLE `tabWeb Form` MODIFY `condition_json` json
2025-07-28 11:03:00,121 WARNING database DDL Query made to DB:
ALTER TABLE `tabGoCardless Mandate` ADD COLUMN `customer` varchar(140)
2025-07-28 11:03:03,410 WARNING database DDL Query made to DB:
create table `tabNavari eTims Registered Purchases Items` (
			name varchar(140) primary key,
			creation datetime(6),
			modified datetime(6),
			modified_by varchar(140),
			owner varchar(140),
			docstatus int(1) not null default '0',
			idx int(8) not null default '0',
			`item_name` varchar(140),
`product_name` varchar(140),
`item_code` varchar(140),
`slade_id` varchar(140) unique,
`item_sequence` int(11) not null default 0,
`item_classification_code` varchar(140),
`barcode` varchar(140),
`package` varchar(140),
`packaging_unit_code` varchar(140),
`quantity` int(11) not null default 0,
`purchase_invoice` varchar(140),
`unit_price` decimal(21,9) not null default 0,
`product_code` varchar(140),
`supply_amount` decimal(21,9) not null default 0,
`discount_rate` decimal(21,9) not null default 0,
`discount_amount` decimal(21,9) not null default 0,
`item_classification_code_data` varchar(140),
`taxation_type_code` varchar(140),
`taxable_amount` decimal(21,9) not null default 0,
`tax_amount` decimal(21,9) not null default 0,
`total_amount` decimal(21,9) not null default 0,
`quantity_unit_code` varchar(140),
`is_mapped` int(1) not null default 0,
parent varchar(140),
parentfield varchar(140),
parenttype varchar(140),
index parent(parent))
			ENGINE=InnoDB
			ROW_FORMAT=DYNAMIC
			CHARACTER SET=utf8mb4
			COLLATE=utf8mb4_unicode_ci
2025-07-28 11:03:03,575 WARNING database DDL Query made to DB:
create table `tabNavari eTims Stock Movement Type` (
			name varchar(140) primary key,
			creation datetime(6),
			modified datetime(6),
			modified_by varchar(140),
			owner varchar(140),
			docstatus int(1) not null default '0',
			idx int(8) not null default '0',
			`code` varchar(140),
`sort_order` varchar(140),
`code_name` varchar(140),
`code_description` varchar(140),
`_user_tags` text,
`_comments` text,
`_assign` text,
`_liked_by` text,
index modified(modified))
			ENGINE=InnoDB
			ROW_FORMAT=DYNAMIC
			CHARACTER SET=utf8mb4
			COLLATE=utf8mb4_unicode_ci
2025-07-28 11:03:03,735 WARNING database DDL Query made to DB:
create table `tabNavari KRA eTims Item Classification` (
			name varchar(140) primary key,
			creation datetime(6),
			modified datetime(6),
			modified_by varchar(140),
			owner varchar(140),
			docstatus int(1) not null default '0',
			idx int(8) not null default '0',
			`itemclscd` varchar(140) unique,
`slade_id` varchar(140) unique,
`itemclslvl` int(11) not null default 0,
`itemclsnm` text,
`taxtycd` varchar(140),
`useyn` int(1) not null default 1,
`mjrtgyn` int(1) not null default 0,
`_user_tags` text,
`_comments` text,
`_assign` text,
`_liked_by` text,
index modified(modified))
			ENGINE=InnoDB
			ROW_FORMAT=DYNAMIC
			CHARACTER SET=utf8mb4
			COLLATE=utf8mb4_unicode_ci
2025-07-28 11:03:03,879 WARNING database DDL Query made to DB:
create table `tabNavari KRA eTims Workstation` (
			name varchar(140) primary key,
			creation datetime(6),
			modified datetime(6),
			modified_by varchar(140),
			owner varchar(140),
			docstatus int(1) not null default '0',
			idx int(8) not null default '0',
			`workstation` varchar(140),
`slade_id` varchar(140) unique,
`workstation_type` varchar(140),
`workstation_type_display` varchar(140),
`company` varchar(140),
`department` varchar(140),
`is_billing_point` int(1) not null default 0,
`active` int(1) not null default 0,
`_user_tags` text,
`_comments` text,
`_assign` text,
`_liked_by` text,
index modified(modified))
			ENGINE=InnoDB
			ROW_FORMAT=DYNAMIC
			CHARACTER SET=utf8mb4
			COLLATE=utf8mb4_unicode_ci
2025-07-28 11:03:04,011 WARNING database DDL Query made to DB:
create table `tabNavari eTims UOM Category` (
			name varchar(140) primary key,
			creation datetime(6),
			modified datetime(6),
			modified_by varchar(140),
			owner varchar(140),
			docstatus int(1) not null default '0',
			idx int(8) not null default '0',
			`category_name` varchar(140) unique,
`slade_id` varchar(140) unique,
`measure_type` varchar(140) default 'unit',
`active` int(1) not null default 0,
`_user_tags` text,
`_comments` text,
`_assign` text,
`_liked_by` text,
index modified(modified))
			ENGINE=InnoDB
			ROW_FORMAT=DYNAMIC
			CHARACTER SET=utf8mb4
			COLLATE=utf8mb4_unicode_ci
2025-07-28 11:03:04,137 WARNING database DDL Query made to DB:
create table `tabNavari eTims Product Type` (
			name varchar(140) primary key,
			creation datetime(6),
			modified datetime(6),
			modified_by varchar(140),
			owner varchar(140),
			docstatus int(1) not null default '0',
			idx int(8) not null default '0',
			`code` varchar(140) unique,
`sort_order` varchar(140),
`code_name` varchar(140),
`code_description` varchar(140),
`remark` varchar(140),
`_user_tags` text,
`_comments` text,
`_assign` text,
`_liked_by` text,
index modified(modified))
			ENGINE=InnoDB
			ROW_FORMAT=DYNAMIC
			CHARACTER SET=utf8mb4
			COLLATE=utf8mb4_unicode_ci
2025-07-28 11:03:04,276 WARNING database DDL Query made to DB:
create table `tabNavari eTims Import Item Status` (
			name varchar(140) primary key,
			creation datetime(6),
			modified datetime(6),
			modified_by varchar(140),
			owner varchar(140),
			docstatus int(1) not null default '0',
			idx int(8) not null default '0',
			`code` varchar(140),
`sort_order` varchar(140),
`code_name` varchar(140),
`code_description` varchar(140),
`remark` varchar(140),
`_user_tags` text,
`_comments` text,
`_assign` text,
`_liked_by` text,
index modified(modified))
			ENGINE=InnoDB
			ROW_FORMAT=DYNAMIC
			CHARACTER SET=utf8mb4
			COLLATE=utf8mb4_unicode_ci
2025-07-28 11:03:04,408 WARNING database DDL Query made to DB:
create table `tabNavari KRA eTims Notices` (
			name varchar(140) primary key,
			creation datetime(6),
			modified datetime(6),
			modified_by varchar(140),
			owner varchar(140),
			docstatus int(1) not null default '0',
			idx int(8) not null default '0',
			`notice_number` int(11) not null default 0,
`registration_name` varchar(140),
`details_url` varchar(140),
`title` varchar(140),
`registration_datetime` datetime(6),
`contents` longtext,
`_user_tags` text,
`_comments` text,
`_assign` text,
`_liked_by` text,
index modified(modified))
			ENGINE=InnoDB
			ROW_FORMAT=DYNAMIC
			CHARACTER SET=utf8mb4
			COLLATE=utf8mb4_unicode_ci
2025-07-28 11:03:04,543 WARNING database DDL Query made to DB:
create table `tabNavari eTims Registered Stock Movement` (
			name varchar(140) primary key,
			creation datetime(6),
			modified datetime(6),
			modified_by varchar(140),
			owner varchar(140),
			docstatus int(1) not null default '0',
			idx int(8) not null default '0',
			`customer_pin` varchar(140),
`customer_branch_id` varchar(140),
`stored_and_released_number` int(11) not null default 0,
`occurred_date` date,
`remark` varchar(140),
`total_item_count` int(11) not null default 0,
`total_supply_price` decimal(21,9) not null default 0,
`total_vat` decimal(21,9) not null default 0,
`total_amount` decimal(21,9) not null default 0,
`_user_tags` text,
`_comments` text,
`_assign` text,
`_liked_by` text,
index modified(modified))
			ENGINE=InnoDB
			ROW_FORMAT=DYNAMIC
			CHARACTER SET=utf8mb4
			COLLATE=utf8mb4_unicode_ci
2025-07-28 11:03:04,677 WARNING database DDL Query made to DB:
create table `tabNavari KRA eTims Taxation Type` (
			name varchar(140) primary key,
			creation datetime(6),
			modified datetime(6),
			modified_by varchar(140),
			owner varchar(140),
			docstatus int(1) not null default '0',
			idx int(8) not null default '0',
			`cd` varchar(140) unique,
`slade_id` varchar(140) unique,
`cdnm` varchar(140),
`cddesc` varchar(140),
`srtord` int(11) not null default 0,
`useyn` int(1) not null default 1,
`cdclsnm` varchar(140) default '04',
`userdfncd1` varchar(140),
`userdfncd2` varchar(140),
`userdfncd3` varchar(140),
`_user_tags` text,
`_comments` text,
`_assign` text,
`_liked_by` text,
index modified(modified))
			ENGINE=InnoDB
			ROW_FORMAT=DYNAMIC
			CHARACTER SET=utf8mb4
			COLLATE=utf8mb4_unicode_ci
2025-07-28 11:03:04,806 WARNING database DDL Query made to DB:
create table `tabNavari KRA eTims Transaction Progress` (
			name varchar(140) primary key,
			creation datetime(6),
			modified datetime(6),
			modified_by varchar(140),
			owner varchar(140),
			docstatus int(1) not null default '0',
			idx int(8) not null default '0',
			`code` varchar(140),
`sort_order` int(11) not null default 0,
`code_name` varchar(140),
`code_description` varchar(140),
`_user_tags` text,
`_comments` text,
`_assign` text,
`_liked_by` text,
index modified(modified))
			ENGINE=InnoDB
			ROW_FORMAT=DYNAMIC
			CHARACTER SET=utf8mb4
			COLLATE=utf8mb4_unicode_ci
2025-07-28 11:03:04,953 WARNING database DDL Query made to DB:
create table `tabNavari eTims Packaging Unit` (
			name varchar(140) primary key,
			creation datetime(6),
			modified datetime(6),
			modified_by varchar(140),
			owner varchar(140),
			docstatus int(1) not null default '0',
			idx int(8) not null default '0',
			`code` varchar(140) unique,
`slade_id` varchar(140) unique,
`sort_order` int(11) not null default 0,
`code_name` varchar(140),
`code_description` varchar(140),
`_user_tags` text,
`_comments` text,
`_assign` text,
`_liked_by` text,
index modified(modified))
			ENGINE=InnoDB
			ROW_FORMAT=DYNAMIC
			CHARACTER SET=utf8mb4
			COLLATE=utf8mb4_unicode_ci
2025-07-28 11:03:05,128 WARNING database DDL Query made to DB:
create table `tabNavari eTims Registered Purchases` (
			name varchar(140) primary key,
			creation datetime(6),
			modified datetime(6),
			modified_by varchar(140),
			owner varchar(140),
			docstatus int(1) not null default '0',
			idx int(8) not null default '0',
			`supplier_name` varchar(140),
`supplier_branch_id` varchar(140),
`supplier_pin` varchar(140),
`supplier_invoice_number` varchar(140),
`receipt_type_code` varchar(140),
`payment_type_code` varchar(140),
`remarks` varchar(140),
`branch` varchar(140),
`slade_id` varchar(140) unique,
`validated_date` datetime(6),
`sales_date` date,
`stock_released_date` datetime(6),
`organisation` varchar(140),
`total_item_count` int(11) not null default 0,
`total_taxable_amount` decimal(21,9) not null default 0,
`total_tax_amount` decimal(21,9) not null default 0,
`total_amount` decimal(21,9) not null default 0,
`taxable_amount_a` varchar(140),
`taxable_amount_b` varchar(140),
`taxable_amount_c` varchar(140),
`taxable_amount_d` varchar(140),
`taxable_amount_e` varchar(140),
`tax_rate_a` decimal(21,9) not null default 0,
`tax_rate_b` decimal(21,9) not null default 0,
`tax_rate_c` decimal(21,9) not null default 0,
`tax_rate_d` decimal(21,9) not null default 0,
`tax_rate_e` decimal(21,9) not null default 0,
`tax_amount_a` decimal(21,9) not null default 0,
`tax_amount_b` decimal(21,9) not null default 0,
`tax_amount_c` decimal(21,9) not null default 0,
`tax_amount_d` decimal(21,9) not null default 0,
`tax_amount_e` decimal(21,9) not null default 0,
`amended_from` varchar(140),
`_user_tags` text,
`_comments` text,
`_assign` text,
`_liked_by` text,
index `amended_from`(`amended_from`),
index modified(modified))
			ENGINE=InnoDB
			ROW_FORMAT=DYNAMIC
			CHARACTER SET=utf8mb4
			COLLATE=utf8mb4_unicode_ci
2025-07-28 11:03:05,264 WARNING database DDL Query made to DB:
create table `tabNavari KRA eTims Route Table Item` (
			name varchar(140) primary key,
			creation datetime(6),
			modified datetime(6),
			modified_by varchar(140),
			owner varchar(140),
			docstatus int(1) not null default '0',
			idx int(8) not null default '0',
			`url_path_function` varchar(140),
`url_path` varchar(140),
`description` varchar(140),
`last_request_date` datetime(6),
parent varchar(140),
parentfield varchar(140),
parenttype varchar(140),
index parent(parent))
			ENGINE=InnoDB
			ROW_FORMAT=DYNAMIC
			CHARACTER SET=utf8mb4
			COLLATE=utf8mb4_unicode_ci
2025-07-28 11:03:05,373 WARNING database DDL Query made to DB:
create table `tabNavari eTims Routes` (
			name varchar(140) primary key,
			creation datetime(6),
			modified datetime(6),
			modified_by varchar(140),
			owner varchar(140),
			docstatus int(1) not null default '0',
			idx int(8) not null default '0',
			`vendor` varchar(140),
`_user_tags` text,
`_comments` text,
`_assign` text,
`_liked_by` text,
index modified(modified))
			ENGINE=InnoDB
			ROW_FORMAT=DYNAMIC
			CHARACTER SET=utf8mb4
			COLLATE=utf8mb4_unicode_ci
2025-07-28 11:03:05,519 WARNING database DDL Query made to DB:
create table `tabNavari eTims Stock Operation Type` (
			name varchar(140) primary key,
			creation datetime(6),
			modified datetime(6),
			modified_by varchar(140),
			owner varchar(140),
			docstatus int(1) not null default '0',
			idx int(8) not null default '0',
			`operation_name` varchar(140),
`operation_type` varchar(140) default 'outgoing',
`warehouse` varchar(140),
`company` varchar(140),
`branch` varchar(140),
`slade_id` varchar(140) unique,
`source_location` varchar(140),
`destination_location` varchar(140),
`transit_location` varchar(140),
`active` int(1) not null default 0,
`_user_tags` text,
`_comments` text,
`_assign` text,
`_liked_by` text,
index modified(modified))
			ENGINE=InnoDB
			ROW_FORMAT=DYNAMIC
			CHARACTER SET=utf8mb4
			COLLATE=utf8mb4_unicode_ci
2025-07-28 11:03:05,780 WARNING database DDL Query made to DB:
create table `tabNavari eTims Unit of Quantity` (
			name varchar(140) primary key,
			creation datetime(6),
			modified datetime(6),
			modified_by varchar(140),
			owner varchar(140),
			docstatus int(1) not null default '0',
			idx int(8) not null default '0',
			`code` varchar(140) unique,
`slade_id` varchar(140) unique,
`sort_order` int(11) not null default 0,
`code_name` varchar(140),
`code_description` varchar(140),
`_user_tags` text,
`_comments` text,
`_assign` text,
`_liked_by` text,
index modified(modified))
			ENGINE=InnoDB
			ROW_FORMAT=DYNAMIC
			CHARACTER SET=utf8mb4
			COLLATE=utf8mb4_unicode_ci
2025-07-28 11:03:05,915 WARNING database DDL Query made to DB:
create table `tabNavari eTims Item Type` (
			name varchar(140) primary key,
			creation datetime(6),
			modified datetime(6),
			modified_by varchar(140),
			owner varchar(140),
			docstatus int(1) not null default '0',
			idx int(8) not null default '0',
			`code` varchar(140) unique,
`sort_order` varchar(140),
`code_name` varchar(140),
`code_description` varchar(140),
`remark` varchar(140),
`_user_tags` text,
`_comments` text,
`_assign` text,
`_liked_by` text,
index modified(modified))
			ENGINE=InnoDB
			ROW_FORMAT=DYNAMIC
			CHARACTER SET=utf8mb4
			COLLATE=utf8mb4_unicode_ci
2025-07-28 11:03:06,067 WARNING database DDL Query made to DB:
create table `tabNavari eTims User` (
			name varchar(140) primary key,
			creation datetime(6),
			modified datetime(6),
			modified_by varchar(140),
			owner varchar(140),
			docstatus int(1) not null default '0',
			idx int(8) not null default '0',
			`system_user` varchar(140),
`first_name` varchar(140),
`last_name` varchar(140),
`users_full_names` varchar(140),
`email` varchar(140),
`workstation` varchar(140),
`branch` varchar(140),
`company` varchar(140),
`slade_id` varchar(140),
`submitted_successfully_to_etims` int(1) not null default 0,
`sent_to_slade` int(1) not null default 0,
`description` text,
`_user_tags` text,
`_comments` text,
`_assign` text,
`_liked_by` text,
index modified(modified))
			ENGINE=InnoDB
			ROW_FORMAT=DYNAMIC
			CHARACTER SET=utf8mb4
			COLLATE=utf8mb4_unicode_ci
2025-07-28 11:03:06,192 WARNING database DDL Query made to DB:
create table `tabNavari eTims Country` (
			name varchar(140) primary key,
			creation datetime(6),
			modified datetime(6),
			modified_by varchar(140),
			owner varchar(140),
			docstatus int(1) not null default '0',
			idx int(8) not null default '0',
			`code` varchar(140),
`currency_code` varchar(140),
`sort_order` varchar(140),
`code_name` varchar(140),
`code_description` varchar(140),
`_user_tags` text,
`_comments` text,
`_assign` text,
`_liked_by` text,
index modified(modified))
			ENGINE=InnoDB
			ROW_FORMAT=DYNAMIC
			CHARACTER SET=utf8mb4
			COLLATE=utf8mb4_unicode_ci
2025-07-28 11:03:06,319 WARNING database DDL Query made to DB:
create table `tabNavari eTims Transaction Type` (
			name varchar(140) primary key,
			creation datetime(6),
			modified datetime(6),
			modified_by varchar(140),
			owner varchar(140),
			docstatus int(1) not null default '0',
			idx int(8) not null default '0',
			`code` varchar(140),
`sort_order` varchar(140),
`code_name` varchar(140),
`code_description` varchar(140),
`remark` varchar(140),
`_user_tags` text,
`_comments` text,
`_assign` text,
`_liked_by` text,
index modified(modified))
			ENGINE=InnoDB
			ROW_FORMAT=DYNAMIC
			CHARACTER SET=utf8mb4
			COLLATE=utf8mb4_unicode_ci
2025-07-28 11:03:06,454 WARNING database DDL Query made to DB:
create table `tabNavari KRA eTims Payment Type` (
			name varchar(140) primary key,
			creation datetime(6),
			modified datetime(6),
			modified_by varchar(140),
			owner varchar(140),
			docstatus int(1) not null default '0',
			idx int(8) not null default '0',
			`code` varchar(140),
`sort_order` int(11) not null default 0,
`account_details` varchar(140),
`description` text,
`code_name` varchar(140),
`code_description` varchar(140),
`slade_id` varchar(140) unique,
`account` varchar(140),
`active` int(1) not null default 0,
`bank_name` varchar(140),
`bank_branch` varchar(140),
`bank_account_number` varchar(140),
`mobile_money_business_number` varchar(140),
`mobile_money_type` varchar(140),
`_user_tags` text,
`_comments` text,
`_assign` text,
`_liked_by` text,
index modified(modified))
			ENGINE=InnoDB
			ROW_FORMAT=DYNAMIC
			CHARACTER SET=utf8mb4
			COLLATE=utf8mb4_unicode_ci
2025-07-28 11:03:06,684 WARNING database DDL Query made to DB:
create table `tabNavari eTims Purchase Receipt Type` (
			name varchar(140) primary key,
			creation datetime(6),
			modified datetime(6),
			modified_by varchar(140),
			owner varchar(140),
			docstatus int(1) not null default '0',
			idx int(8) not null default '0',
			`code` varchar(140),
`sort_order` varchar(140),
`code_name` varchar(140),
`code_description` varchar(140),
`remark` varchar(140),
`_user_tags` text,
`_comments` text,
`_assign` text,
`_liked_by` text,
index modified(modified))
			ENGINE=InnoDB
			ROW_FORMAT=DYNAMIC
			CHARACTER SET=utf8mb4
			COLLATE=utf8mb4_unicode_ci
2025-07-28 11:03:06,920 WARNING database DDL Query made to DB:
create table `tabNavari KRA eTims Settings` (
			name varchar(140) primary key,
			creation datetime(6),
			modified datetime(6),
			modified_by varchar(140),
			owner varchar(140),
			docstatus int(1) not null default '0',
			idx int(8) not null default '0',
			`env` varchar(140) default 'Sandbox',
`sandbox` int(1) not null default 1,
`is_active` int(1) not null default 0,
`autocreate_branch_dimension` int(1) not null default 1,
`server_url` varchar(140) default 'https://api.erp.release.slade360edi.com',
`auth_server_url` varchar(140) default 'https://accounts.multitenant.slade360.co.ke',
`company` varchar(140),
`tin` varchar(140),
`bhfid` varchar(140),
`department` varchar(140),
`workstation` varchar(140),
`warehouse` varchar(140),
`notices_refresh_frequency` varchar(140) default 'Hourly',
`notices_refresh_freq_cron_format` varchar(140),
`codes_refresh_frequency` varchar(140) default 'Hourly',
`codes_refresh_freq_cron_format` varchar(140),
`sales_auto_submission_enabled` int(1) not null default 0,
`sales_information_submission` varchar(140) default 'All',
`sales_info_cron_format` varchar(140),
`purchase_auto_submission_enabled` int(1) not null default 0,
`purchase_information_submission` varchar(140) default 'All',
`purchase_info_cron_format` varchar(140),
`stock_auto_submission_enabled` int(1) not null default 0,
`stock_information_submission` varchar(140) default 'All',
`stock_info_cron_format` varchar(140),
`sales_information_submission_timeframe` decimal(21,9),
`maximum_sales_information_submission_attempts` int(11) not null default 0,
`purchase_information_submission_timeframe` decimal(21,9),
`maximum_purchase_information_submission_attempts` int(11) not null default 0,
`stock_information_submission_timeframe` decimal(21,9),
`maximum_stock_information_submission_attempts` int(11) not null default 0,
`sales_payment_type` varchar(140) default 'Cash',
`sales_transaction_progress` varchar(140) default 'Approved',
`purchases_payment_type` varchar(140) default 'Cash',
`purchases_purchase_type` varchar(140) default 'Normal',
`purchases_receipt_type` varchar(140) default 'Purchase',
`purchases_purchase_status` varchar(140) default 'Approved',
`client_id` varchar(140),
`client_secret` text,
`auth_username` varchar(140),
`auth_password` text,
`access_token` varchar(140),
`refresh_token` varchar(140),
`token_expiry` datetime(6),
`expires_in` varchar(140),
`_user_tags` text,
`_comments` text,
`_assign` text,
`_liked_by` text,
index modified(modified))
			ENGINE=InnoDB
			ROW_FORMAT=DYNAMIC
			CHARACTER SET=utf8mb4
			COLLATE=utf8mb4_unicode_ci
2025-07-28 11:03:07,091 WARNING database DDL Query made to DB:
create table `tabNavari eTims Registered Imported Item` (
			name varchar(140) primary key,
			creation datetime(6),
			modified datetime(6),
			modified_by varchar(140),
			owner varchar(140),
			docstatus int(1) not null default '0',
			idx int(8) not null default '0',
			`item_name` varchar(140),
`product_name` varchar(140),
`product_code` varchar(140),
`origin_nation_code` varchar(140),
`declaration_date` date,
`item_sequence` int(11) not null default 0,
`package` varchar(140),
`suppliers_name` varchar(140),
`invoice_foreign_currency_amount` varchar(140),
`purchase_invoice` varchar(140),
`task_code` varchar(140),
`export_nation_code` varchar(140),
`declaration_number` varchar(140),
`hs_code` varchar(140),
`packaging_unit_code` varchar(140),
`quantity_unit_code` varchar(140),
`agent_name` varchar(140),
`invoice_foreign_currency` varchar(140),
`invoice_foreign_currency_rate` varchar(140),
`slade_id` varchar(140) unique,
`organisation` varchar(140),
`branch` varchar(140),
`imported_item_status` varchar(140),
`imported_item_status_code` varchar(140),
`quantity` int(11) not null default 0,
`net_weight` decimal(21,9) not null default 0,
`gross_weight` decimal(21,9) not null default 0,
`is_mapped` int(1) not null default 0,
`sent_to_etims` int(1) not null default 0,
`_user_tags` text,
`_comments` text,
`_assign` text,
`_liked_by` text,
index modified(modified))
			ENGINE=InnoDB
			ROW_FORMAT=DYNAMIC
			CHARACTER SET=utf8mb4
			COLLATE=utf8mb4_unicode_ci
2025-07-28 11:03:07,238 WARNING database DDL Query made to DB:
create table `tabNavari eTims Registered Stock Movement Item` (
			name varchar(140) primary key,
			creation datetime(6),
			modified datetime(6),
			modified_by varchar(140),
			owner varchar(140),
			docstatus int(1) not null default '0',
			idx int(8) not null default '0',
			`item_name` varchar(140),
`item_code` varchar(140),
`item_classification_code` varchar(140),
`item_sequence` int(11) not null default 0,
`packaging_unit_code` varchar(140),
`unit_of_quantity_code` varchar(140),
`taxation_type_code` varchar(140),
`barcode` longtext,
`quantity` int(11) not null default 0,
`item_expiry_date` date,
`unit_price` decimal(21,9) not null default 0,
`supply_amount` decimal(21,9) not null default 0,
`discount_rate` decimal(21,9) not null default 0,
`taxable_amount` decimal(21,9) not null default 0,
`tax_amount` decimal(21,9) not null default 0,
`total_amount` decimal(21,9) not null default 0,
`package` varchar(140),
parent varchar(140),
parentfield varchar(140),
parenttype varchar(140),
index parent(parent))
			ENGINE=InnoDB
			ROW_FORMAT=DYNAMIC
			CHARACTER SET=utf8mb4
			COLLATE=utf8mb4_unicode_ci
2025-07-28 11:03:09,169 WARNING database DDL Query made to DB:
ALTER TABLE `tabBOM Item` ADD COLUMN `custom_submitted_successfully` int(1) not null default 0, ADD COLUMN `custom_slade_id` varchar(140)
2025-07-28 11:03:09,177 WARNING database DDL Query made to DB:
ALTER TABLE `tabBOM Item` MODIFY `conversion_factor` decimal(21,9) not null default 0, MODIFY `base_amount` decimal(21,9) not null default 0, MODIFY `base_rate` decimal(21,9) not null default 0, MODIFY `rate` decimal(21,9) not null default 0, MODIFY `qty` decimal(21,9) not null default 0, MODIFY `qty_consumed_per_unit` decimal(21,9) not null default 0, MODIFY `amount` decimal(21,9) not null default 0, MODIFY `stock_qty` decimal(21,9) not null default 0
2025-07-28 11:03:09,622 WARNING database DDL Query made to DB:
ALTER TABLE `tabBOM` ADD COLUMN `custom_item_composition_submitted_successfully` int(1) not null default 0, ADD COLUMN `custom_slade_id` varchar(140)
2025-07-28 11:03:09,630 WARNING database DDL Query made to DB:
ALTER TABLE `tabBOM` MODIFY `plc_conversion_rate` decimal(21,9) not null default 0, MODIFY `base_scrap_material_cost` decimal(21,9) not null default 0, MODIFY `process_loss_percentage` decimal(21,9) not null default 0, MODIFY `scrap_material_cost` decimal(21,9) not null default 0, MODIFY `base_operating_cost` decimal(21,9) not null default 0, MODIFY `base_raw_material_cost` decimal(21,9) not null default 0, MODIFY `total_cost` decimal(21,9) not null default 0, MODIFY `base_total_cost` decimal(21,9) not null default 0, MODIFY `process_loss_qty` decimal(21,9) not null default 0, MODIFY `raw_material_cost` decimal(21,9) not null default 0, MODIFY `operating_cost_per_bom_quantity` decimal(21,9) not null default 0, MODIFY `operating_cost` decimal(21,9) not null default 0
2025-07-28 11:03:10,390 WARNING database DDL Query made to DB:
ALTER TABLE `tabBranch` ADD COLUMN `custom_company` varchar(140), ADD COLUMN `custom_branch_code` varchar(140), ADD COLUMN `custom_etims_device_serial_no` varchar(140), ADD COLUMN `custom_pin` varchar(140), ADD COLUMN `slade_id` varchar(140), ADD COLUMN `custom_county_name` varchar(140), ADD COLUMN `custom_tax_locality_name` varchar(140), ADD COLUMN `custom_subcounty_name` varchar(140), ADD COLUMN `custom_location_description` varchar(140), ADD COLUMN `custom_manager_name` varchar(140), ADD COLUMN `custom_is_etims_branch` int(1) not null default 0, ADD COLUMN `custom_is_head_office` int(1) not null default 0, ADD COLUMN `custom_is_etims_verified` int(1) not null default 0
2025-07-28 11:03:10,727 WARNING database DDL Query made to DB:
ALTER TABLE `tabCompany` ADD COLUMN `custom_slade_id` varchar(140), ADD COLUMN `custom_is_etims_verified` int(1) not null default 0
2025-07-28 11:03:10,736 WARNING database DDL Query made to DB:
ALTER TABLE `tabCompany` MODIFY `total_monthly_sales` decimal(21,9) not null default 0, MODIFY `monthly_sales_target` decimal(21,9) not null default 0, MODIFY `credit_limit` decimal(21,9) not null default 0
2025-07-28 11:03:10,850 WARNING database DDL Query made to DB:
ALTER TABLE `tabCurrency` ADD COLUMN `custom_slade_id` varchar(140)
2025-07-28 11:03:10,858 WARNING database DDL Query made to DB:
ALTER TABLE `tabCurrency` MODIFY `smallest_currency_fraction_value` decimal(21,9) not null default 0
2025-07-28 11:03:11,525 WARNING database DDL Query made to DB:
ALTER TABLE `tabCustomer` ADD COLUMN `require_tax_id` int(1) not null default 1, ADD COLUMN `custom_details_submitted_successfully` int(1) not null default 0, ADD COLUMN `slade_id` varchar(140)
2025-07-28 11:03:11,534 WARNING database DDL Query made to DB:
ALTER TABLE `tabCustomer` MODIFY `default_commission_rate` decimal(21,9) not null default 0
2025-07-28 11:03:11,831 WARNING database DDL Query made to DB:
ALTER TABLE `tabDepartment` ADD COLUMN `custom_slade_id` varchar(140), ADD COLUMN `custom_is_etims_department` int(1) not null default 0, ADD COLUMN `custom_is_etims_verified` int(1) not null default 0, ADD COLUMN `custom_branch` varchar(140)
2025-07-28 11:03:11,964 WARNING database DDL Query made to DB:
ALTER TABLE `tabItem Tax Template` ADD COLUMN `custom_etims_taxation_type` varchar(140)
2025-07-28 11:03:16,446 WARNING database DDL Query made to DB:
ALTER TABLE `tabItem` ADD COLUMN `custom_item_registered` int(1) not null default 0, ADD COLUMN `custom_sent_to_slade` int(1) not null default 0, ADD COLUMN `custom_prevent_etims_registration` int(1) not null default 0, ADD COLUMN `custom_imported_item_submitted` int(1) not null default 0, ADD COLUMN `custom_slade_id` varchar(140), ADD COLUMN `custom_submission_tries` int(11) not null default 0, ADD COLUMN `custom_item_classification` varchar(140), ADD COLUMN `custom_etims_country_of_origin` varchar(140), ADD COLUMN `custom_item_code_etims` varchar(140), ADD COLUMN `custom_item_classification_code` varchar(140), ADD COLUMN `custom_etims_country_of_origin_code` varchar(140), ADD COLUMN `custom_taxation_type` varchar(140), ADD COLUMN `custom_packaging_unit` varchar(140), ADD COLUMN `custom_packaging_unit_code` varchar(140), ADD COLUMN `custom_unit_of_quantity` varchar(140), ADD COLUMN `custom_unit_of_quantity_code` varchar(140), ADD COLUMN `custom_product_type` varchar(140), ADD COLUMN `custom_item_type` varchar(140), ADD COLUMN `custom_item_type_name` varchar(140), ADD COLUMN `custom_product_type_name` varchar(140), ADD COLUMN `custom_referenced_imported_item` varchar(140), ADD COLUMN `custom_imported_item_status` varchar(140), ADD COLUMN `custom_imported_item_status_code` varchar(140), ADD COLUMN `custom_branch` varchar(140), ADD COLUMN `custom_imported_item_task_code` varchar(140), ADD COLUMN `custom_hs_code` varchar(140)
2025-07-28 11:03:16,455 WARNING database DDL Query made to DB:
ALTER TABLE `tabItem` MODIFY `last_purchase_rate` decimal(21,9) not null default 0, MODIFY `weight_per_unit` decimal(21,9) not null default 0, MODIFY `over_delivery_receipt_allowance` decimal(21,9) not null default 0, MODIFY `opening_stock` decimal(21,9) not null default 0, MODIFY `over_billing_allowance` decimal(21,9) not null default 0, MODIFY `valuation_rate` decimal(21,9) not null default 0, MODIFY `safety_stock` decimal(21,9) not null default 0, MODIFY `standard_rate` decimal(21,9) not null default 0, MODIFY `total_projected_qty` decimal(21,9) not null default 0, MODIFY `max_discount` decimal(21,9) not null default 0
2025-07-28 11:03:16,674 WARNING database DDL Query made to DB:
ALTER TABLE `tabMode of Payment` ADD COLUMN `custom_slade_id` varchar(140)
2025-07-28 11:03:23,629 WARNING database DDL Query made to DB:
ALTER TABLE `tabSales Invoice` ADD COLUMN `custom_defer_etims_submission` int(1) not null default 0, ADD COLUMN `custom_payment_type` varchar(140), ADD COLUMN `prevent_etims_submission` int(1) not null default 0, ADD COLUMN `custom_slade_id` varchar(140), ADD COLUMN `custom_submission_attempts` varchar(140), ADD COLUMN `custom_successfully_submitted` int(1) not null default 0, ADD COLUMN `custom_current_receipt_number` varchar(140), ADD COLUMN `custom_total_receipt_number` varchar(140), ADD COLUMN `custom_control_unit_date_time` datetime(6), ADD COLUMN `custom_qr_code` text, ADD COLUMN `custom_qr_code_url` text, ADD COLUMN `custom_scu_id` varchar(140), ADD COLUMN `custom_scu_mrc_no` varchar(140), ADD COLUMN `custom_scu_invoice_number` varchar(140), ADD COLUMN `custom_receipt_signature` varchar(140), ADD COLUMN `custom_internal_data` varchar(140), ADD COLUMN `custom_submission_sequence_number` int(11) not null default 0, ADD COLUMN `custom_taxbl_amount_a` varchar(140), ADD COLUMN `custom_taxbl_amount_b` varchar(140), ADD COLUMN `custom_taxbl_amount_c` varchar(140), ADD COLUMN `custom_taxbl_amount_d` varchar(140), ADD COLUMN `custom_taxbl_amount_e` varchar(140), ADD COLUMN `custom_tax_a` varchar(140), ADD COLUMN `custom_tax_b` varchar(140), ADD COLUMN `custom_tax_c` varchar(140), ADD COLUMN `custom_tax_d` varchar(140), ADD COLUMN `custom_tax_e` varchar(140), ADD COLUMN `branch` varchar(140)
2025-07-28 11:03:23,639 WARNING database DDL Query made to DB:
ALTER TABLE `tabSales Invoice` MODIFY `total` decimal(21,9) not null default 0, MODIFY `base_write_off_amount` decimal(21,9) not null default 0, MODIFY `total_advance` decimal(21,9) not null default 0, MODIFY `rounded_total` decimal(21,9) not null default 0, MODIFY `total_billing_hours` decimal(21,9) not null default 0, MODIFY `plc_conversion_rate` decimal(21,9) not null default 0, MODIFY `base_total_taxes_and_charges` decimal(21,9) not null default 0, MODIFY `commission_rate` decimal(21,9) not null default 0, MODIFY `total_commission` decimal(21,9) not null default 0, MODIFY `total_taxes_and_charges` decimal(21,9) not null default 0, MODIFY `amount_eligible_for_commission` decimal(21,9) not null default 0, MODIFY `total_net_weight` decimal(21,9) not null default 0, MODIFY `base_total` decimal(21,9) not null default 0, MODIFY `change_amount` decimal(21,9) not null default 0, MODIFY `total_qty` decimal(21,9) not null default 0, MODIFY `grand_total` decimal(21,9) not null default 0, MODIFY `net_total` decimal(21,9) not null default 0, MODIFY `rounding_adjustment` decimal(21,9) not null default 0, MODIFY `base_net_total` decimal(21,9) not null default 0, MODIFY `base_grand_total` decimal(21,9) not null default 0, MODIFY `additional_discount_percentage` decimal(21,9) not null default 0, MODIFY `write_off_amount` decimal(21,9) not null default 0, MODIFY `outstanding_amount` decimal(21,9) not null default 0, MODIFY `base_paid_amount` decimal(21,9) not null default 0, MODIFY `base_rounding_adjustment` decimal(21,9) not null default 0, MODIFY `base_change_amount` decimal(21,9) not null default 0, MODIFY `base_rounded_total` decimal(21,9) not null default 0, MODIFY `paid_amount` decimal(21,9) not null default 0, MODIFY `loyalty_amount` decimal(21,9) not null default 0, MODIFY `discount_amount` decimal(21,9) not null default 0, MODIFY `conversion_rate` decimal(21,9) not null default 0, MODIFY `base_discount_amount` decimal(21,9) not null default 0
2025-07-28 11:03:24,303 WARNING database DDL Query made to DB:
ALTER TABLE `tabSales Invoice Item` ADD COLUMN `custom_sent_to_slade` int(1) not null default 0, ADD COLUMN `custom_slade_id` varchar(140), ADD COLUMN `custom_tax_rate` decimal(21,9) not null default 0, ADD COLUMN `custom_tax_amount` decimal(21,9) not null default 0
2025-07-28 11:03:24,312 WARNING database DDL Query made to DB:
ALTER TABLE `tabSales Invoice Item` MODIFY `stock_qty` decimal(21,9) not null default 0, MODIFY `company_total_stock` decimal(21,9) not null default 0, MODIFY `incoming_rate` decimal(21,9) not null default 0, MODIFY `weight_per_unit` decimal(21,9) not null default 0, MODIFY `rate` decimal(21,9) not null default 0, MODIFY `base_net_rate` decimal(21,9) not null default 0, MODIFY `base_rate_with_margin` decimal(21,9) not null default 0, MODIFY `net_rate` decimal(21,9) not null default 0, MODIFY `distributed_discount_amount` decimal(21,9) not null default 0, MODIFY `base_amount` decimal(21,9) not null default 0, MODIFY `discount_percentage` decimal(21,9) not null default 0, MODIFY `margin_rate_or_amount` decimal(21,9) not null default 0, MODIFY `base_net_amount` decimal(21,9) not null default 0, MODIFY `actual_batch_qty` decimal(21,9) not null default 0, MODIFY `rate_with_margin` decimal(21,9) not null default 0, MODIFY `conversion_factor` decimal(21,9) not null default 0, MODIFY `delivered_qty` decimal(21,9) not null default 0, MODIFY `amount` decimal(21,9) not null default 0, MODIFY `stock_uom_rate` decimal(21,9) not null default 0, MODIFY `discount_amount` decimal(21,9) not null default 0, MODIFY `price_list_rate` decimal(21,9) not null default 0, MODIFY `net_amount` decimal(21,9) not null default 0, MODIFY `actual_qty` decimal(21,9) not null default 0, MODIFY `qty` decimal(21,9) not null default 0, MODIFY `base_rate` decimal(21,9) not null default 0, MODIFY `total_weight` decimal(21,9) not null default 0, MODIFY `base_price_list_rate` decimal(21,9) not null default 0
2025-07-28 11:03:24,325 WARNING database DDL Query made to DB:
ALTER TABLE `tabSales Invoice Item` ADD INDEX `creation`(`creation`)
2025-07-28 11:03:24,620 WARNING database DDL Query made to DB:
ALTER TABLE `tabPurchase Invoice Item` ADD COLUMN `custom_tax_rate` decimal(21,9) not null default 0, ADD COLUMN `custom_tax_amount` decimal(21,9) not null default 0
2025-07-28 11:03:24,629 WARNING database DDL Query made to DB:
ALTER TABLE `tabPurchase Invoice Item` MODIFY `discount_percentage` decimal(21,9) not null default 0, MODIFY `discount_amount` decimal(21,9) not null default 0, MODIFY `price_list_rate` decimal(21,9) not null default 0, MODIFY `rm_supp_cost` decimal(21,9) not null default 0, MODIFY `base_price_list_rate` decimal(21,9) not null default 0, MODIFY `base_rate_with_margin` decimal(21,9) not null default 0, MODIFY `distributed_discount_amount` decimal(21,9) not null default 0, MODIFY `rejected_qty` decimal(21,9) not null default 0, MODIFY `received_qty` decimal(21,9) not null default 0, MODIFY `net_rate` decimal(21,9) not null default 0, MODIFY `margin_rate_or_amount` decimal(21,9) not null default 0, MODIFY `stock_qty` decimal(21,9) not null default 0, MODIFY `base_amount` decimal(21,9) not null default 0, MODIFY `amount` decimal(21,9) not null default 0, MODIFY `stock_uom_rate` decimal(21,9) not null default 0, MODIFY `base_net_rate` decimal(21,9) not null default 0, MODIFY `base_net_amount` decimal(21,9) not null default 0, MODIFY `valuation_rate` decimal(21,9) not null default 0, MODIFY `rate` decimal(21,9) not null default 0, MODIFY `base_rate` decimal(21,9) not null default 0, MODIFY `total_weight` decimal(21,9) not null default 0, MODIFY `qty` decimal(21,9) not null default 0, MODIFY `net_amount` decimal(21,9) not null default 0, MODIFY `item_tax_amount` decimal(21,9) not null default 0, MODIFY `landed_cost_voucher_amount` decimal(21,9) not null default 0, MODIFY `weight_per_unit` decimal(21,9) not null default 0, MODIFY `rate_with_margin` decimal(21,9) not null default 0, MODIFY `sales_incoming_rate` decimal(21,9) not null default 0
2025-07-28 11:03:26,259 WARNING database DDL Query made to DB:
ALTER TABLE `tabPurchase Invoice` ADD COLUMN `custom_supplier_branch_id` varchar(140), ADD COLUMN `branch` varchar(140), ADD COLUMN `custom_source_registered_imported_item` varchar(140) unique, ADD COLUMN `custom_submitted_successfully` int(1) not null default 0, ADD COLUMN `custom_source_registered_purchase` varchar(140) unique, ADD COLUMN `custom_slade_id` varchar(140)
2025-07-28 11:03:26,267 WARNING database DDL Query made to DB:
ALTER TABLE `tabPurchase Invoice` MODIFY `conversion_rate` decimal(21,9) not null default 0, MODIFY `additional_discount_percentage` decimal(21,9) not null default 0, MODIFY `plc_conversion_rate` decimal(21,9) not null default 0, MODIFY `per_received` decimal(21,9) not null default 0, MODIFY `base_net_total` decimal(21,9) not null default 0, MODIFY `paid_amount` decimal(21,9) not null default 0, MODIFY `base_total_taxes_and_charges` decimal(21,9) not null default 0, MODIFY `discount_amount` decimal(21,9) not null default 0, MODIFY `write_off_amount` decimal(21,9) not null default 0, MODIFY `base_write_off_amount` decimal(21,9) not null default 0, MODIFY `total` decimal(21,9) not null default 0, MODIFY `taxes_and_charges_added` decimal(21,9) not null default 0, MODIFY `base_rounded_total` decimal(21,9) not null default 0, MODIFY `total_net_weight` decimal(21,9) not null default 0, MODIFY `base_tax_withholding_net_total` decimal(21,9) not null default 0, MODIFY `total_advance` decimal(21,9) not null default 0, MODIFY `net_total` decimal(21,9) not null default 0, MODIFY `base_grand_total` decimal(21,9) not null default 0, MODIFY `base_total` decimal(21,9) not null default 0, MODIFY `outstanding_amount` decimal(21,9) not null default 0, MODIFY `grand_total` decimal(21,9) not null default 0, MODIFY `total_qty` decimal(21,9) not null default 0, MODIFY `rounding_adjustment` decimal(21,9) not null default 0, MODIFY `base_taxes_and_charges_added` decimal(21,9) not null default 0, MODIFY `taxes_and_charges_deducted` decimal(21,9) not null default 0, MODIFY `base_rounding_adjustment` decimal(21,9) not null default 0, MODIFY `base_taxes_and_charges_deducted` decimal(21,9) not null default 0, MODIFY `base_discount_amount` decimal(21,9) not null default 0, MODIFY `base_paid_amount` decimal(21,9) not null default 0, MODIFY `rounded_total` decimal(21,9) not null default 0, MODIFY `total_taxes_and_charges` decimal(21,9) not null default 0, ADD UNIQUE INDEX IF NOT EXISTS custom_source_registered_imported_item (`custom_source_registered_imported_item`), ADD UNIQUE INDEX IF NOT EXISTS custom_source_registered_purchase (`custom_source_registered_purchase`)
2025-07-28 11:03:26,908 WARNING database DDL Query made to DB:
ALTER TABLE `tabStock Ledger Entry` ADD COLUMN `custom_target_warehouse` varchar(140), ADD COLUMN `custom_source_warehouse` varchar(140), ADD COLUMN `custom_stock_entry_type` varchar(140), ADD COLUMN `custom_submitted_successfully` int(1) not null default 0, ADD COLUMN `custom_inventory_submitted_successfully` int(1) not null default 0, ADD COLUMN `custom_slade_id` varchar(140), ADD COLUMN `custom_submission_tries` decimal(21,9) not null default 0
2025-07-28 11:03:26,917 WARNING database DDL Query made to DB:
ALTER TABLE `tabStock Ledger Entry` MODIFY `stock_value_difference` decimal(21,9) not null default 0, MODIFY `stock_value` decimal(21,9) not null default 0, MODIFY `qty_after_transaction` decimal(21,9) not null default 0, MODIFY `incoming_rate` decimal(21,9) not null default 0, MODIFY `outgoing_rate` decimal(21,9) not null default 0, MODIFY `valuation_rate` decimal(21,9) not null default 0, MODIFY `actual_qty` decimal(21,9) not null default 0
2025-07-28 11:03:27,447 WARNING database DDL Query made to DB:
ALTER TABLE `tabSupplier` ADD COLUMN `custom_supplier_branch` varchar(140), ADD COLUMN `custom_details_submitted_successfully` int(1) not null default 0, ADD COLUMN `slade_id` varchar(140)
2025-07-28 11:03:27,862 WARNING database DDL Query made to DB:
ALTER TABLE `tabWarehouse` ADD COLUMN `custom_branch` varchar(140), ADD COLUMN `custom_slade_supplier_warehouse` varchar(140), ADD COLUMN `custom_slade_id` varchar(140), ADD COLUMN `custom_slade_customer_warehouse` varchar(140)
